{
  "RSpec": {
    "coverage": {
      "/Users/Nicola/Documents/careers/red_badger/mars-rover/lib/command.rb": [
        1,
        1,
        6,
        6,
        6,
        null,
        null,
        1,
        null,
        null,
        null,
        null,
        1,
        null,
        1,
        1,
        null,
        null,
        1,
        1,
        null,
        1,
        null,
        0,
        null,
        0,
        null,
        0,
        null,
        null,
        null,
        null,
        null,
        1,
        null,
        1,
        1,
        null,
        null,
        1,
        1,
        null,
        1,
        null,
        0,
        null,
        0,
        null,
        0,
        null,
        null,
        null,
        null,
        null,
        1,
        null,
        1,
        4,
        null,
        null,
        1,
        4,
        null,
        2,
        null,
        2,
        null,
        null,
        null,
        null,
        1,
        2,
        2,
        null,
        null,
        1,
        2,
        2,
        null,
        null,
        null
      ],
      "/Users/Nicola/Documents/careers/red_badger/mars-rover/spec/instructions_spec.rb": [
        1,
        1,
        null,
        1,
        null,
        6,
        6,
        4,
        3,
        null,
        1,
        5,
        null,
        null,
        1,
        null,
        1,
        1,
        1,
        null,
        null,
        1,
        1,
        1,
        1,
        null,
        null,
        1,
        1,
        1,
        null,
        null,
        1,
        null,
        1,
        2,
        null,
        null,
        1,
        1,
        1,
        1,
        null,
        null,
        1,
        1,
        1,
        1,
        null,
        null,
        null,
        null
      ],
      "/Users/Nicola/Documents/careers/red_badger/mars-rover/lib/instructions.rb": [
        1,
        1,
        5,
        null,
        null,
        1,
        1,
        null,
        null,
        1,
        1,
        3,
        3,
        null,
        null,
        null,
        1,
        4,
        null,
        null,
        1,
        4,
        4,
        null,
        null,
        1,
        null,
        1,
        null,
        1,
        227,
        null,
        null,
        1,
        2,
        null,
        null,
        1,
        4,
        null,
        null,
        1,
        46,
        null,
        null,
        null,
        null
      ],
      "/Users/Nicola/Documents/careers/red_badger/mars-rover/spec/location_spec.rb": [
        1,
        1,
        null,
        1,
        null,
        4,
        null,
        1,
        null,
        1,
        1,
        null,
        null,
        null,
        null,
        1,
        null,
        1,
        1,
        1,
        null,
        null,
        1,
        1,
        1,
        1,
        1,
        null,
        null,
        null,
        null,
        null
      ],
      "/Users/Nicola/Documents/careers/red_badger/mars-rover/lib/location.rb": [
        1,
        1,
        48,
        null,
        null,
        1,
        null,
        1,
        3,
        null,
        null,
        null
      ],
      "/Users/Nicola/Documents/careers/red_badger/mars-rover/spec/robot_spec.rb": [
        1,
        1,
        null,
        1,
        null,
        17,
        11,
        18,
        null,
        1,
        null,
        4,
        null,
        1,
        1,
        1,
        1,
        null,
        null,
        1,
        1,
        null,
        null,
        1,
        1,
        1,
        null,
        null,
        1,
        1,
        1,
        null,
        null,
        1,
        1,
        1,
        null,
        null,
        null,
        null,
        1,
        1,
        1,
        1,
        null,
        null,
        1,
        1,
        1,
        null,
        null,
        null,
        null,
        1,
        null,
        null,
        1,
        1,
        1,
        null,
        null,
        1,
        1,
        1,
        1,
        null,
        null,
        1,
        1,
        1,
        1,
        null,
        null,
        1,
        1,
        1,
        1,
        null,
        null,
        null,
        1,
        null,
        2,
        4,
        null,
        1,
        1,
        1,
        1,
        1,
        null,
        null,
        1,
        1,
        1,
        1,
        null,
        null,
        1,
        1,
        1,
        1,
        1,
        null,
        null,
        1,
        1,
        1,
        1,
        1,
        null,
        null,
        null,
        null,
        1,
        null,
        3,
        null,
        1,
        1,
        1,
        null,
        null,
        1,
        1,
        1,
        1,
        null,
        null,
        null,
        null,
        null
      ],
      "/Users/Nicola/Documents/careers/red_badger/mars-rover/lib/robot.rb": [
        1,
        null,
        1,
        17,
        17,
        17,
        17,
        17,
        null,
        null,
        1,
        null,
        1,
        9,
        3,
        null,
        null,
        1,
        25,
        null,
        null,
        1,
        18,
        null,
        null,
        1,
        19,
        19,
        18,
        18,
        null,
        null,
        null,
        1,
        22,
        3,
        3,
        3,
        null,
        null,
        null,
        1,
        12,
        null,
        null,
        1,
        3,
        null,
        null,
        1,
        5,
        null,
        null,
        1,
        null,
        1,
        6,
        null,
        6,
        null,
        0,
        null,
        0,
        null,
        0,
        null,
        null,
        null,
        1,
        11,
        null,
        8,
        null,
        3,
        null,
        null,
        null,
        1,
        8,
        8,
        null,
        null,
        1,
        3,
        3,
        null,
        null,
        1,
        3,
        null,
        null,
        null
      ],
      "/Users/Nicola/Documents/careers/red_badger/mars-rover/spec/world_spec.rb": [
        1,
        1,
        null,
        1,
        null,
        4,
        1,
        null,
        1,
        null,
        1,
        3,
        null,
        null,
        1,
        1,
        null,
        null,
        1,
        1,
        null,
        null,
        1,
        1,
        null,
        null,
        null,
        null,
        null
      ],
      "/Users/Nicola/Documents/careers/red_badger/mars-rover/lib/World.rb": [
        1,
        null,
        1,
        3,
        null,
        null,
        1,
        null,
        1,
        3,
        63,
        null,
        null,
        1,
        1,
        null,
        null,
        null
      ]
    },
    "timestamp": 1413186216
  }
}
