{
  "RSpec": {
    "coverage": {
      "/Users/Nicola/Documents/careers/red_badger/mars-rover/lib/location.rb": [
        1,
        1,
        3,
        3,
        null,
        null,
        1,
        null,
        1,
        2,
        null,
        null,
        1,
        1,
        null,
        null,
        null
      ],
      "/Users/Nicola/Documents/careers/red_badger/mars-rover/spec/robot_spec.rb": [
        1,
        1,
        null,
        1,
        null,
        6,
        3,
        2,
        8,
        null,
        1,
        1,
        1,
        1,
        null,
        null,
        null,
        1,
        1,
        1,
        1,
        null,
        null,
        1,
        1,
        1,
        null,
        null,
        null,
        null,
        1,
        null,
        1,
        1,
        1,
        null,
        null,
        1,
        1,
        1,
        1,
        null,
        null,
        1,
        1,
        1,
        1,
        null,
        null,
        1,
        1,
        1,
        1,
        null,
        null,
        1,
        1,
        1,
        null,
        null,
        1,
        1,
        1,
        1,
        null,
        null,
        null,
        null,
        1,
        null,
        1,
        1,
        1,
        1,
        null,
        null,
        null,
        null
      ],
      "/Users/Nicola/Documents/careers/red_badger/mars-rover/lib/robot.rb": [
        1,
        null,
        1,
        10,
        10,
        null,
        null,
        1,
        null,
        1,
        8,
        7,
        null,
        null,
        null,
        1,
        1,
        null,
        null,
        1,
        7,
        null,
        null,
        1,
        null,
        1,
        2,
        null,
        2,
        null,
        0,
        null,
        0,
        null,
        0,
        null,
        null,
        null,
        1,
        4,
        null,
        2,
        null,
        2,
        null,
        null,
        null,
        1,
        2,
        2,
        null,
        null,
        1,
        2,
        2,
        null,
        null,
        1,
        1,
        null,
        null,
        null
      ],
      "/Users/Nicola/Documents/careers/red_badger/mars-rover/spec/world_spec.rb": [
        1,
        1,
        null,
        1,
        null,
        1,
        null,
        3,
        3,
        null,
        null,
        1,
        1,
        1,
        null,
        null,
        1,
        1,
        1,
        1,
        null,
        null,
        null,
        null,
        null
      ],
      "/Users/Nicola/Documents/careers/red_badger/mars-rover/lib/World.rb": [
        1,
        null,
        1,
        2,
        null,
        null,
        1,
        null,
        1,
        2,
        42,
        null,
        null,
        null
      ]
    },
    "timestamp": 1413041022
  }
}
